<?xml version="1.0" encoding="UTF-8" ?>

<testsuite failures="0" time="0.045" errors="0" skipped="0" tests="1" name="UserAddingEpisodesPerformanceTest">
  <testcase classname="UserAddingEpisodesPerformanceTest" name="TestAddingEpisodes" time="0.045">
      </testcase>
</testsuite>
