<?xml version="1.0" encoding="UTF-8" ?>

<testsuite failures="0" time="0.062" errors="0" skipped="0" tests="1" name="UserAddingEpisodesTest">
  <testcase classname="UserAddingEpisodesTest" name="TestAddingEpisodes" time="0.062">
      </testcase>
</testsuite>
