<?xml version="1.0" encoding="UTF-8" ?>

<testsuite failures="0" time="0.145" errors="0" skipped="0" tests="2" name="EpisodeTrackingTest">
  <testcase classname="EpisodeTrackingTest" name="testIllegalEpisodeTracking" time="0.09">
      </testcase>
  <testcase classname="EpisodeTrackingTest" name="testTrackAndUntrack" time="0.055">
      </testcase>
</testsuite>
